<?xml version="1.0" encoding="UTF-8"?>
<!-- Generated by org.testng.reporters.JUnitReportReporter -->
<testsuite skipped="0" hostname="LAPTOP-9SNAFCN3" name="com.actitme.timetrack.Demo" tests="1" failures="0" timestamp="2020-08-06T18:51:28 IST" time="0.032" errors="0">
  <testcase name="runTest" time="0.032" classname="com.actitme.timetrack.Demo"/>
  <system-out>
successfully build successfully build successfully build  </system-out>
</testsuite> <!-- com.actitme.timetrack.Demo -->
